[ 2023-05-03 12:40:39,561 ] 23 root - INFO - Data Ingestion method started
[ 2023-05-03 12:40:39,733 ] 27 root - INFO - Dataset read!!
[ 2023-05-03 12:40:40,891 ] 33 root - INFO - train test split
[ 2023-05-03 12:40:42,089 ] 40 root - INFO - Data Ingestion completed
[ 2023-05-03 12:40:42,274 ] 72 root - INFO - Read Train and Test data
[ 2023-05-03 12:40:42,280 ] 73 root - INFO - Train Head : 
    Unnamed: 0      id  carat      cut color clarity  depth  table     x     y     z  price
0       26839   26839   0.52     Good     D     SI1   60.4   60.0  5.20  5.23  3.14   2021
1       92995   92995   0.54    Ideal     D     SI1   62.1   56.0  5.23  5.24  3.25   1745
2      116872  116872   0.40    Ideal     H    VVS1   62.1   56.0  4.66  4.69  2.91    877
3      158742  158742   1.11  Premium     I     SI1   59.8   59.0  6.74  6.69  4.02   4177
4      174049  174049   0.30  Premium     H    VVS1   61.5   59.0  4.24  4.27  2.62    668
[ 2023-05-03 12:40:42,285 ] 74 root - INFO - Test Head : 
    Unnamed: 0      id  carat        cut color clarity  depth  table     x     y     z  price
0      174808  174808   1.05      Ideal     D     SI1   62.0   57.0  6.53  6.49  4.03   7098
1       98772   98772   0.30  Very Good     J     VS2   62.9   59.0  4.20  4.24  2.67    394
2      131082  131082   0.70      Ideal     H     SI1   61.8   57.0  5.71  5.75  3.53   2163
3       69965   69965   0.40      Ideal     F     VS1   60.9   57.0  4.79  4.78  2.91    998
4      129340  129340   0.40    Premium     G    VVS2   60.5   59.0  4.79  4.76  2.89    956
[ 2023-05-03 12:40:42,285 ] 76 root - INFO - Obtaining Preprocessing object
[ 2023-05-03 12:40:42,285 ] 25 root - INFO - Data Transformation Initiated
[ 2023-05-03 12:40:42,285 ] 28 root - INFO - Defining categorical and numerical columns
[ 2023-05-03 12:40:42,285 ] 33 root - INFO - Defining ordinal variables used for ranking
[ 2023-05-03 12:40:42,285 ] 60 root - INFO - Pipeline created
[ 2023-05-03 12:40:42,291 ] 90 root - INFO - Applying preprocessing object on training and testing datasets
[ 2023-05-03 12:40:42,607 ] 103 root - INFO - Preprocessor pickle file saved
[ 2023-05-03 12:40:42,609 ] 20 root - INFO - Splitting dependent and independent variables from train and test array
[ 2023-05-03 12:40:43,379 ] 36 root - INFO - Model Report : {'LinearRegression': 0.9364501036149041, 'Lasso': 0.9364740929738902, 'Ridge': 0.9364500295338221, 'ElasticNet': 0.8555206162139722}
[ 2023-05-03 12:40:43,382 ] 48 root - INFO - Best Model Found , Model Name : Lasso , R2 Score : 0.9364740929738902
