[ 2023-05-01 19:14:23,565 ] 23 root - INFO - Data Ingestion method started
[ 2023-05-01 19:14:23,742 ] 27 root - INFO - Dataset read!!
[ 2023-05-01 19:14:24,868 ] 33 root - INFO - train test split
[ 2023-05-01 19:14:26,030 ] 40 root - INFO - Data Ingestion completed
[ 2023-05-01 19:14:26,206 ] 72 root - INFO - Read Train and Test data
[ 2023-05-01 19:14:26,212 ] 73 root - INFO - Train Head : 
    Unnamed: 0      id  carat        cut color clarity  depth  table     x     y     z  price
0       21559   21559   0.72      Ideal     F     VS2   61.5   56.0  5.77  5.80  3.56   2717
1      109900  109900   1.00    Premium     D     SI2   61.4   58.0  6.47  6.43  3.96   4704
2      163243  163243   1.24      Ideal     G     SI1   61.9   57.0  6.87  6.89  4.25   6999
3       76761   76761   1.02  Very Good     H     SI1   62.9   56.0  6.37  6.43  4.02   4348
4      158257  158257   1.27    Premium     J     SI1   61.2   58.0  6.92  6.99  4.25   4773
[ 2023-05-01 19:14:26,216 ] 74 root - INFO - Test Head : 
    Unnamed: 0      id  carat        cut color clarity  depth  table     x     y     z  price
0      128255  128255   1.10    Premium     F     VS2   62.4   60.0  6.57  6.52  4.08   6586
1       59405   59405   1.63      Ideal     G    VVS1   60.6   57.0  7.59  7.63  4.62  15377
2      129419  129419   0.42      Ideal     F    VVS2   61.6   57.0  4.82  4.79  2.96   1221
3      122057  122057   0.24  Very Good     F    VVS2   60.8   59.0  4.03  4.07  2.45    537
4       75260   75260   0.55    Premium     H     SI1   59.3   59.0  5.36  5.30  3.19   1289
[ 2023-05-01 19:14:26,216 ] 76 root - INFO - Obtaining Preprocessing object
[ 2023-05-01 19:14:26,216 ] 25 root - INFO - Data Transformation Initiated
[ 2023-05-01 19:14:26,217 ] 28 root - INFO - Defining categorical and numerical columns
[ 2023-05-01 19:14:26,217 ] 33 root - INFO - Defining ordinal variables used for ranking
[ 2023-05-01 19:14:26,217 ] 60 root - INFO - Pipeline created
[ 2023-05-01 19:14:26,223 ] 90 root - INFO - Applying preprocessing object on training and testing datasets
[ 2023-05-01 19:14:26,535 ] 103 root - INFO - Preprocessor pickle file saved
